\BOOKMARK [1][-]{section.1}{\376\377\116\373\122\241\200\314\146\157}{}% 1
\BOOKMARK [1][-]{section.2}{\376\377\116\373\122\241\166\356\150\007}{}% 2
\BOOKMARK [1][-]{section.3}{\376\377\135\345\121\167\060\001\152\041\127\213\116\016\000\040\000S\000k\000i\000l\000l\000s\000\040\117\177\165\050}{}% 3
\BOOKMARK [2][-]{subsection.3.1}{\376\377\116\073\211\201\135\345\121\167\122\006\135\345}{section.3}% 4
\BOOKMARK [2][-]{subsection.3.2}{\376\377\117\177\165\050\152\041\127\213\213\364\146\016}{section.3}% 5
\BOOKMARK [2][-]{subsection.3.3}{\376\377\000S\000k\000i\000l\000l\000s\000\040\116\016\200\375\122\233\152\041\127\127}{section.3}% 6
\BOOKMARK [1][-]{section.4}{\376\377\142\200\147\057\215\357\176\277}{}% 7
\BOOKMARK [2][-]{subsection.4.1}{\376\377\121\205\133\271\152\041\127\213\213\276\213\241}{section.4}% 8
\BOOKMARK [2][-]{subsection.4.2}{\376\377\155\113\213\304\220\073\217\221\213\276\213\241}{section.4}% 9
\BOOKMARK [2][-]{subsection.4.3}{\376\377\122\115\172\357\135\345\172\013\133\236\163\260}{section.4}% 10
\BOOKMARK [2][-]{subsection.4.4}{\376\377\220\350\177\162\116\016\116\244\116\330}{section.4}% 11
\BOOKMARK [1][-]{section.5}{\376\377\136\224\165\050\121\150\217\307\172\013}{}% 12
\BOOKMARK [2][-]{subsection.5.1}{\376\377\225\356\230\230\143\320\121\372\116\016\230\171\166\356\172\313\230\171}{section.5}% 13
\BOOKMARK [2][-]{subsection.5.2}{\376\377\122\115\147\037\214\003\170\024\116\016\150\106\147\266\145\164\164\006}{section.5}% 14
\BOOKMARK [2][-]{subsection.5.3}{\376\377\230\230\136\223\144\034\226\306\060\001\173\133\220\011\116\016\150\041\126\355\123\026\145\071\121\231}{section.5}% 15
\BOOKMARK [2][-]{subsection.5.4}{\376\377\213\304\116\367\117\123\174\373\213\276\213\241}{section.5}% 16
\BOOKMARK [2][-]{subsection.5.5}{\376\377\122\115\172\357\230\165\227\142\213\276\213\241\116\016\116\244\116\222\133\236\163\260}{section.5}% 17
\BOOKMARK [2][-]{subsection.5.6}{\376\377\142\151\134\125\121\205\133\271\116\016\116\012\176\277\145\164\164\006}{section.5}% 18
\BOOKMARK [2][-]{subsection.5.7}{\376\377\116\272\147\072\123\117\124\014\145\271\137\017}{section.5}% 19
\BOOKMARK [1][-]{section.6}{\376\377\230\171\166\356\142\020\147\234}{}% 20
\BOOKMARK [1][-]{section.7}{\376\377\000A\000I\000\040\135\345\121\167\166\204\133\236\226\105\116\367\120\074}{}% 21
\BOOKMARK [1][-]{section.8}{\376\377\150\110\117\213\123\315\140\035\116\016\140\073\176\323}{}% 22
